setting up validation option factory...
setting up validation option factory...
/Users/erlisuo/Documents/workspace/CodeRising_2017/coding2017/group17/group17.json
Checking jsonFile: /Users/erlisuo/Documents/workspace/CodeRising_2017/coding2017/group17/group17.json
exploring path: /Users/erlisuo/Documents/workspace/CodeRising_2017/coding2017/group17/1204187480/code/homework
PomInfo(artifactId=basic, groupId=DemoGroupId, version=DemoVersion, packaging=jar, name=DemoName, modelVersion=4.0.0)
PomInfo(artifactId=coderising, groupId=DemoGroupId, version=DemoVersion, packaging=jar, name=DemoName, modelVersion=4.0.0)
PomInfo(artifactId=parent, groupId=com.coding, version=1.0-SNAPSHOT, packaging=pom, name=DemoName, modelVersion=4.0.0)
PomInfo(artifactId=coding2017, groupId=com.coding, version=1.0-SNAPSHOT, packaging=pom, name=DemoName, modelVersion=4.0.0)
Valid group: group17.json
valid group: group17.json
valid member: ID: 1204187480 Build Path: /Users/erlisuo/Documents/workspace/CodeRising_2017/coding2017/group17/1204187480/code/homework
time elapsed: 42
About to process : ID: 1204187480 Build Path: /Users/erlisuo/Documents/workspace/CodeRising_2017/coding2017/group17/1204187480/code/homework command: validate
POM file homework specified with the -f/--file command line argument does not exist
[INFO] Scanning for projects...
[INFO] ------------------------------------------------------------------------
[INFO] Reactor Build Order:
[INFO] 
[INFO] parent
[INFO] basic
[INFO] coderising
[INFO] coding2017
[INFO] 
[INFO] ------------------------------------------------------------------------
[INFO] Building parent 1.0-SNAPSHOT
[INFO] ------------------------------------------------------------------------
[INFO] 
[INFO] ------------------------------------------------------------------------
[INFO] Building basic 1.0-SNAPSHOT
[INFO] ------------------------------------------------------------------------
[INFO] 
[INFO] ------------------------------------------------------------------------
[INFO] Building coderising 1.0-SNAPSHOT
[INFO] ------------------------------------------------------------------------
[INFO] 
[INFO] ------------------------------------------------------------------------
[INFO] Building coding2017 1.0-SNAPSHOT
[INFO] ------------------------------------------------------------------------
[INFO] ------------------------------------------------------------------------
[INFO] Reactor Summary:
[INFO] 
[INFO] parent ............................................. SUCCESS [  0.004 s]
[INFO] basic .............................................. SUCCESS [  0.001 s]
[INFO] coderising ......................................... SUCCESS [  0.001 s]
[INFO] coding2017 ......................................... SUCCESS [  0.000 s]
[INFO] ------------------------------------------------------------------------
[INFO] BUILD SUCCESS
[INFO] ------------------------------------------------------------------------
[INFO] Total time: 1.032 s
[INFO] Finished at: 2017-05-13T00:00:24-07:00
[INFO] Final Memory: 5M/64M
[INFO] ------------------------------------------------------------------------
validate: successed.
About to process : ID: 1204187480 Build Path: /Users/erlisuo/Documents/workspace/CodeRising_2017/coding2017/group17/1204187480/code/homework command: compile
POM file homework specified with the -f/--file command line argument does not exist
[INFO] Scanning for projects...
[INFO] ------------------------------------------------------------------------
[INFO] Reactor Build Order:
[INFO] 
[INFO] parent
[INFO] basic
[INFO] coderising
[INFO] coding2017
[INFO] 
[INFO] ------------------------------------------------------------------------
[INFO] Building parent 1.0-SNAPSHOT
[INFO] ------------------------------------------------------------------------
[INFO] 
[INFO] ------------------------------------------------------------------------
[INFO] Building basic 1.0-SNAPSHOT
[INFO] ------------------------------------------------------------------------
[INFO] 
[INFO] --- maven-resources-plugin:2.6:resources (default-resources) @ basic ---
[INFO] Using 'UTF-8' encoding to copy filtered resources.
[INFO] skip non existing resourceDirectory /Users/erlisuo/Documents/workspace/CodeRising_2017/coding2017/group17/1204187480/code/homework/basic/src/main/resources
[INFO] 
[INFO] --- maven-compiler-plugin:3.0:compile (default-compile) @ basic ---
[INFO] Nothing to compile - all classes are up to date
[INFO] 
[INFO] ------------------------------------------------------------------------
[INFO] Building coderising 1.0-SNAPSHOT
[INFO] ------------------------------------------------------------------------
[INFO] 
[INFO] --- maven-resources-plugin:2.6:resources (default-resources) @ coderising ---
[INFO] Using 'UTF-8' encoding to copy filtered resources.
[INFO] Copying 1 resource
[INFO] 
[INFO] --- maven-compiler-plugin:3.0:compile (default-compile) @ coderising ---
[INFO] Nothing to compile - all classes are up to date
[INFO] 
[INFO] ------------------------------------------------------------------------
[INFO] Building coding2017 1.0-SNAPSHOT
[INFO] ------------------------------------------------------------------------
[INFO] ------------------------------------------------------------------------
[INFO] Reactor Summary:
[INFO] 
[INFO] parent ............................................. SUCCESS [  0.004 s]
[INFO] basic .............................................. SUCCESS [ 10.163 s]
[INFO] coderising ......................................... SUCCESS [  0.857 s]
[INFO] coding2017 ......................................... SUCCESS [  0.001 s]
[INFO] ------------------------------------------------------------------------
[INFO] BUILD SUCCESS
[INFO] ------------------------------------------------------------------------
[INFO] Total time: 11.274 s
[INFO] Finished at: 2017-05-13T00:00:39-07:00
[INFO] Final Memory: 8M/114M
[INFO] ------------------------------------------------------------------------
compile: successed.
About to process : ID: 1204187480 Build Path: /Users/erlisuo/Documents/workspace/CodeRising_2017/coding2017/group17/1204187480/code/homework command: surefire-report:report
POM file homework specified with the -f/--file command line argument does not exist
[INFO] Scanning for projects...
[INFO] ------------------------------------------------------------------------
[INFO] Reactor Build Order:
[INFO] 
[INFO] parent
[INFO] basic
[INFO] coderising
[INFO] coding2017
[INFO] Downloading: http://maven.aliyun.com/nexus/content/groups/public/org/apache/maven/plugins/maven-metadata.xml
[INFO] Downloading: http://maven.aliyun.com/nexus/content/groups/public/org/codehaus/mojo/maven-metadata.xml
[INFO] Downloaded: http://maven.aliyun.com/nexus/content/groups/public/org/codehaus/mojo/maven-metadata.xml (21 kB at 3.3 kB/s)
[INFO] Downloaded: http://maven.aliyun.com/nexus/content/groups/public/org/apache/maven/plugins/maven-metadata.xml (13 kB at 1.5 kB/s)
[INFO] 
[INFO] ------------------------------------------------------------------------
[INFO] Building parent 1.0-SNAPSHOT
[INFO] ------------------------------------------------------------------------
[INFO] Downloading: http://maven.aliyun.com/nexus/content/groups/public/org/apache/maven/plugins/maven-surefire-report-plugin/maven-metadata.xml
[INFO] Downloaded: http://maven.aliyun.com/nexus/content/groups/public/org/apache/maven/plugins/maven-surefire-report-plugin/maven-metadata.xml (1.4 kB at 966 B/s)
[INFO] 
[INFO] >>> maven-surefire-report-plugin:2.20:report (default-cli) > [surefire]test @ parent >>>
[INFO] 
[INFO] <<< maven-surefire-report-plugin:2.20:report (default-cli) < [surefire]test @ parent <<<
[INFO] 
[INFO] 
[INFO] --- maven-surefire-report-plugin:2.20:report (default-cli) @ parent ---
[WARNING] Unable to locate Test Source XRef to link to - DISABLED
[INFO] 
[INFO] ------------------------------------------------------------------------
[INFO] Building basic 1.0-SNAPSHOT
[INFO] ------------------------------------------------------------------------
[INFO] 
[INFO] >>> maven-surefire-report-plugin:2.20:report (default-cli) > [surefire]test @ basic >>>
[INFO] 
[INFO] --- maven-resources-plugin:2.6:resources (default-resources) @ basic ---
[INFO] Using 'UTF-8' encoding to copy filtered resources.
[INFO] skip non existing resourceDirectory /Users/erlisuo/Documents/workspace/CodeRising_2017/coding2017/group17/1204187480/code/homework/basic/src/main/resources
[INFO] 
[INFO] --- maven-compiler-plugin:3.0:compile (default-compile) @ basic ---
[INFO] Nothing to compile - all classes are up to date
[INFO] 
[INFO] --- maven-resources-plugin:2.6:testResources (default-testResources) @ basic ---
[INFO] Using 'UTF-8' encoding to copy filtered resources.
[INFO] skip non existing resourceDirectory /Users/erlisuo/Documents/workspace/CodeRising_2017/coding2017/group17/1204187480/code/homework/basic/src/test/resources
[INFO] 
[INFO] --- maven-compiler-plugin:3.0:testCompile (default-testCompile) @ basic ---
[INFO] Nothing to compile - all classes are up to date
[INFO] 
[INFO] --- maven-surefire-plugin:2.12.4:test (default-test) @ basic ---
[INFO] Surefire report directory: /Users/erlisuo/Documents/workspace/CodeRising_2017/coding2017/group17/1204187480/code/homework/basic/target/surefire-reports

-------------------------------------------------------
 T E S T S
-------------------------------------------------------
Running com.coding.api.ArraysTest
00:02:17.834 [main] INFO com.coding.api.ArraysTest - a=[1, 2, 3, 4], b=[1, 2, 3, 4, null, null, null, null, null, null]
Tests run: 1, Failures: 0, Errors: 0, Skipped: 0, Time elapsed: 5.413 sec
Running com.coding.api.SystemTest
00:02:17.933 [main] INFO com.coding.api.SystemTest - b=[11, 22, 33, 44, 3, 4, 5]
Tests run: 1, Failures: 0, Errors: 0, Skipped: 0, Time elapsed: 0.001 sec
Running com.coding.basic.ArrayListTest
00:02:18.185 [main] INFO com.coding.basic.ArrayListTest - 1
Tests run: 2, Failures: 0, Errors: 0, Skipped: 0, Time elapsed: 0.001 sec
Running com.coding.basic.LinkedListTest
Tests run: 27, Failures: 1, Errors: 0, Skipped: 0, Time elapsed: 0.086 sec <<< FAILURE!
getElements(com.coding.basic.LinkedListTest)  Time elapsed: 0.007 sec  <<< FAILURE!
org.junit.ComparisonFailure: expected:<[4[,5,6,7]]> but was:<[4[]]>
	at org.junit.Assert.assertEquals(Assert.java:115)
	at org.junit.Assert.assertEquals(Assert.java:144)
	at com.coding.basic.LinkedListTest.getElements(LinkedListTest.java:146)
	at sun.reflect.NativeMethodAccessorImpl.invoke0(Native Method)
	at sun.reflect.NativeMethodAccessorImpl.invoke(NativeMethodAccessorImpl.java:62)
	at sun.reflect.DelegatingMethodAccessorImpl.invoke(DelegatingMethodAccessorImpl.java:43)
	at java.lang.reflect.Method.invoke(Method.java:498)
	at org.junit.runners.model.FrameworkMethod$1.runReflectiveCall(FrameworkMethod.java:50)
	at org.junit.internal.runners.model.ReflectiveCallable.run(ReflectiveCallable.java:12)
	at org.junit.runners.model.FrameworkMethod.invokeExplosively(FrameworkMethod.java:47)
	at org.junit.internal.runners.statements.InvokeMethod.evaluate(InvokeMethod.java:17)
	at org.junit.runners.ParentRunner.runLeaf(ParentRunner.java:325)
	at org.junit.runners.BlockJUnit4ClassRunner.runChild(BlockJUnit4ClassRunner.java:78)
	at org.junit.runners.BlockJUnit4ClassRunner.runChild(BlockJUnit4ClassRunner.java:57)
	at org.junit.runners.ParentRunner$3.run(ParentRunner.java:290)
	at org.junit.runners.ParentRunner$1.schedule(ParentRunner.java:71)
	at org.junit.runners.ParentRunner.runChildren(ParentRunner.java:288)
	at org.junit.runners.ParentRunner.access$000(ParentRunner.java:58)
	at org.junit.runners.ParentRunner$2.evaluate(ParentRunner.java:268)
	at org.junit.runners.ParentRunner.run(ParentRunner.java:363)
	at org.apache.maven.surefire.junit4.JUnit4Provider.execute(JUnit4Provider.java:252)
	at org.apache.maven.surefire.junit4.JUnit4Provider.executeTestSet(JUnit4Provider.java:141)
	at org.apache.maven.surefire.junit4.JUnit4Provider.invoke(JUnit4Provider.java:112)
	at sun.reflect.NativeMethodAccessorImpl.invoke0(Native Method)
	at sun.reflect.NativeMethodAccessorImpl.invoke(NativeMethodAccessorImpl.java:62)
	at sun.reflect.DelegatingMethodAccessorImpl.invoke(DelegatingMethodAccessorImpl.java:43)
	at java.lang.reflect.Method.invoke(Method.java:498)
	at org.apache.maven.surefire.util.ReflectionUtils.invokeMethodWithArray(ReflectionUtils.java:189)
	at org.apache.maven.surefire.booter.ProviderFactory$ProviderProxy.invoke(ProviderFactory.java:165)
	at org.apache.maven.surefire.booter.ProviderFactory.invokeProvider(ProviderFactory.java:85)
	at org.apache.maven.surefire.booter.ForkedBooter.runSuitesInProcess(ForkedBooter.java:115)
	at org.apache.maven.surefire.booter.ForkedBooter.main(ForkedBooter.java:75)


Results :

Failed tests:   getElements(com.coding.basic.LinkedListTest): expected:<[4[,5,6,7]]> but was:<[4[]]>

Tests run: 31, Failures: 1, Errors: 0, Skipped: 0

[ERROR] There are test failures.

Please refer to /Users/erlisuo/Documents/workspace/CodeRising_2017/coding2017/group17/1204187480/code/homework/basic/target/surefire-reports for the individual test results.
[INFO] 
[INFO] <<< maven-surefire-report-plugin:2.20:report (default-cli) < [surefire]test @ basic <<<
[INFO] 
[INFO] 
[INFO] --- maven-surefire-report-plugin:2.20:report (default-cli) @ basic ---
[WARNING] Unable to locate Test Source XRef to link to - DISABLED
[INFO] 
[INFO] ------------------------------------------------------------------------
[INFO] Building coderising 1.0-SNAPSHOT
[INFO] ------------------------------------------------------------------------
[INFO] 
[INFO] >>> maven-surefire-report-plugin:2.20:report (default-cli) > [surefire]test @ coderising >>>
[INFO] 
[INFO] --- maven-resources-plugin:2.6:resources (default-resources) @ coderising ---
[INFO] Using 'UTF-8' encoding to copy filtered resources.
[INFO] Copying 1 resource
[INFO] 
[INFO] --- maven-compiler-plugin:3.0:compile (default-compile) @ coderising ---
[INFO] Nothing to compile - all classes are up to date
[INFO] 
[INFO] --- maven-resources-plugin:2.6:testResources (default-testResources) @ coderising ---
[INFO] Using 'UTF-8' encoding to copy filtered resources.
[INFO] skip non existing resourceDirectory /Users/erlisuo/Documents/workspace/CodeRising_2017/coding2017/group17/1204187480/code/homework/coderising/src/test/resources
[INFO] 
[INFO] --- maven-compiler-plugin:3.0:testCompile (default-testCompile) @ coderising ---
[INFO] Nothing to compile - all classes are up to date
[INFO] 
[INFO] --- maven-surefire-plugin:2.12.4:test (default-test) @ coderising ---
[INFO] Surefire report directory: /Users/erlisuo/Documents/workspace/CodeRising_2017/coding2017/group17/1204187480/code/homework/coderising/target/surefire-reports

-------------------------------------------------------
 T E S T S
-------------------------------------------------------
Running com.coderising.api.ComputeTest
3.1622776601683795
3
Tests run: 2, Failures: 0, Errors: 0, Skipped: 0, Time elapsed: 0.189 sec
Running com.coderising.api.CycleTest
0
1
2
3
4
5
Tests run: 1, Failures: 0, Errors: 0, Skipped: 0, Time elapsed: 0.001 sec
Running com.coderising.array.ArrayUtilTest
[1, 2, 3]
Tests run: 8, Failures: 0, Errors: 0, Skipped: 0, Time elapsed: 12.481 sec
Running com.coderising.litestruts.parser.StructsParserTest
log4j:WARN No appenders could be found for logger (org.apache.commons.digester.Digester.sax).
log4j:WARN Please initialize the log4j system properly.
log4j:WARN See http://logging.apache.org/log4j/1.2/faq.html#noconfig for more info.
00:02:34.390 [main] DEBUG com.coderising.litestruts.parser.DefaultStrutsParser - strutsConfig={"actions":{"logout":{"className":"com.coderising.litestruts.action.LogoutAction","name":"logout","results":{"success":{"name":"success","view":"/jsp/welcome.jsp"},"error":{"name":"error","view":"/jsp/error.jsp"}}},"login":{"className":"com.coderising.litestruts.action.LoginAction","name":"login","results":{"fail":{"name":"fail","view":"/jsp/showLogin.jsp"},"success":{"name":"success","view":"/jsp/homepage.jsp"}}}}}
Tests run: 1, Failures: 0, Errors: 0, Skipped: 0, Time elapsed: 0.967 sec

Results :

Tests run: 12, Failures: 0, Errors: 0, Skipped: 0

[INFO] 
[INFO] <<< maven-surefire-report-plugin:2.20:report (default-cli) < [surefire]test @ coderising <<<
[INFO] 
[INFO] 
[INFO] --- maven-surefire-report-plugin:2.20:report (default-cli) @ coderising ---
[WARNING] Unable to locate Test Source XRef to link to - DISABLED
[INFO] 
[INFO] ------------------------------------------------------------------------
[INFO] Building coding2017 1.0-SNAPSHOT
[INFO] ------------------------------------------------------------------------
[INFO] 
[INFO] >>> maven-surefire-report-plugin:2.20:report (default-cli) > [surefire]test @ coding2017 >>>
[INFO] 
[INFO] <<< maven-surefire-report-plugin:2.20:report (default-cli) < [surefire]test @ coding2017 <<<
[INFO] 
[INFO] 
[INFO] --- maven-surefire-report-plugin:2.20:report (default-cli) @ coding2017 ---
[WARNING] Unable to locate Test Source XRef to link to - DISABLED
[INFO] ------------------------------------------------------------------------
[INFO] Reactor Summary:
[INFO] 
[INFO] parent ............................................. SUCCESS [ 13.313 s]
[INFO] basic .............................................. SUCCESS [ 56.243 s]
[INFO] coderising ......................................... SUCCESS [ 15.497 s]
[INFO] coding2017 ......................................... SUCCESS [  2.164 s]
[INFO] ------------------------------------------------------------------------
[INFO] BUILD SUCCESS
[INFO] ------------------------------------------------------------------------
[INFO] Total time: 01:50 min
[INFO] Finished at: 2017-05-13T00:02:36-07:00
[INFO] Final Memory: 23M/70M
[INFO] ------------------------------------------------------------------------
surefire-report:report: successed.
ID: 1204187480
Result: Result(buildTime=Sat May 13 00:02:36 PDT 2017, path=/Users/erlisuo/Documents/workspace/CodeRising_2017/coding2017/group17/1204187480/code/homework, success=true, specificReason=SUCCESS, description=maven surefireReport, pomInfos=[])
