-------------------------------------------------------------------------------
Test set: com.coding.analysis.parser.TestsuiteParserImplTest
-------------------------------------------------------------------------------
Tests run: 1, Failures: 0, Errors: 1, Skipped: 0, Time elapsed: 0.06 sec <<< FAILURE! - in com.coding.analysis.parser.TestsuiteParserImplTest
parse(com.coding.analysis.parser.TestsuiteParserImplTest)  Time elapsed: 0.06 sec  <<< ERROR!
java.io.FileNotFoundException: class path resource [mock/test-project/target/surefire-reports/TEST-com.coding.analysis.analysis.AnalysisImplTest.xml] cannot be resolved to URL because it does not exist
	at org.springframework.core.io.ClassPathResource.getURL(ClassPathResource.java:187)
	at org.springframework.core.io.AbstractFileResolvingResource.getFile(AbstractFileResolvingResource.java:48)
	at com.coding.analysis.parser.TestsuiteParserImplTest.parse(TestsuiteParserImplTest.java:21)

